<?xml version="1.0" encoding="UTF-8"?>
<!-- Generated by org.testng.reporters.JUnitReportReporter -->
<testsuite hostname="DESKTOP-IMJUIIS" failures="0" tests="3" name="jabaTests.Create_NewCampaign_Admin" time="34.241" errors="0" timestamp="2024-09-02T18:22:34 IST" skipped="0">
  <testcase classname="jabaTests.Create_NewCampaign_Admin" name="login_Admin" time="4.719"/>
  <testcase classname="jabaTests.Create_NewCampaign_Admin" name="NewCampaign" time="16.566"/>
  <testcase classname="jabaTests.Create_NewCampaign_Admin" name="addCampAthlete" time="12.956"/>
</testsuite> <!-- jabaTests.Create_NewCampaign_Admin -->
