<?xml version="1.0" encoding="UTF-8"?>
<!-- Generated by org.testng.reporters.JUnitReportReporter -->
<testsuite hostname="DESKTOP-IMJUIIS" failures="0" tests="4" name="jabaTests.To_Verify_Login_page" time="15.348" errors="0" timestamp="2024-08-29T23:04:02 IST" skipped="0">
  <testcase classname="jabaTests.To_Verify_Login_page" name="Loginas_Admin" time="5.207"/>
  <testcase classname="jabaTests.To_Verify_Login_page" name="LoginasAthlete" time="3.770"/>
  <testcase classname="jabaTests.To_Verify_Login_page" name="InvalidEmail_Message" time="3.538"/>
  <testcase classname="jabaTests.To_Verify_Login_page" name="InvalidPassword_Message" time="2.833"/>
</testsuite> <!-- jabaTests.To_Verify_Login_page -->
